POST /product/add 200 281 - 47.415 ms
GET /product/all 200 1460 - 97.329 ms
GET /product/all 304 - - 16.458 ms
GET /product/all 304 - - 20.478 ms
GET /product/all 304 - - 17.522 ms
GET /product/all 200 1460 - 13.976 ms
GET /product/all 304 - - 23.254 ms
GET /product/all 304 - - 58.536 ms
GET /product/all 304 - - 19.313 ms
GET /product/all 304 - - 100.821 ms
GET /product/all 304 - - 40.101 ms
GET /product/all 304 - - 17.485 ms
GET /product/all 200 1460 - 17.122 ms
GET /product/all 304 - - 17.155 ms
GET /product/all 304 - - 19.826 ms
GET /product/all 304 - - 34.188 ms
GET /product/all 304 - - 36.059 ms
GET /product/all 304 - - 23.232 ms
GET /product/all 200 1460 - 109.220 ms
PUT /product/upload/63ce6f12a0be2b6ca5a66f05 200 206 - 68.167 ms
GET /product/all 200 1426 - 20.416 ms
PUT /product/upload/63ce6f32a0be2b6ca5a66f0a 200 207 - 19.159 ms
GET /product/all 200 1392 - 19.464 ms
GET /product/all 200 1392 - 16.029 ms
GET /product/all 304 - - 51.680 ms
GET /product/all 304 - - 221.308 ms
GET /product/all 304 - - 44.116 ms
GET /product/all 304 - - 21.464 ms
GET /product/all 304 - - 32.661 ms
GET /product/all 304 - - 23.762 ms
GET /product/all 304 - - 23.187 ms
GET /product/all 304 - - 20.560 ms
GET /product/all 304 - - 37.800 ms
GET /product/all 304 - - 19.908 ms
GET /product/all 304 - - 18.924 ms
GET /product/all 304 - - 13.807 ms
GET /product/all 304 - - 46.935 ms
GET /product/all 304 - - 14.656 ms
GET /product/all 304 - - 22.616 ms
GET /product/all 304 - - 222.104 ms
GET /product/all 304 - - 79.059 ms
GET /product/all 304 - - 21.990 ms
GET /product/all 304 - - 21.674 ms
PUT /product/upload/63ce6f12a0be2b6ca5a66f05 200 172 - 67.230 ms
GET /product/all 200 1392 - 32.492 ms
GET /product/all 304 - - 14.080 ms
GET /https://guide-images.cdn.ifixit.com/igi/o4OjCNmNeOhvsS1P.standard 404 204 - 5.834 ms
GET /uploads/photo-1676720168510.png 200 46012 - 29.139 ms
GET /uploads/photo-1676718339303.png 200 26538 - 31.240 ms
GET /product/all 304 - - 152.925 ms
GET /product/all 304 - - 24.438 ms
GET /uploads/photo-1676720168510.png 304 - - 10.180 ms
GET /https://guide-images.cdn.ifixit.com/igi/o4OjCNmNeOhvsS1P.standard 404 204 - 5.375 ms
GET /uploads/photo-1676718339303.png 304 - - 6.355 ms
PUT /product/upload/63ce6f4da0be2b6ca5a66f0f 200 199 - 28.990 ms
GET /product/all 200 1358 - 27.581 ms
GET /product/all 304 - - 15.456 ms
GET /uploads/photo-1676720168510.png 304 - - 0.989 ms
GET /uploads/photo-1676718339303.png 304 - - 0.574 ms
GET /https://guide-images.cdn.ifixit.com/igi/o4OjCNmNeOhvsS1P.standard 404 204 - 0.838 ms
GET /uploads/photo-1676720679680.png 200 37209 - 8.031 ms
PUT /product/upload/63ce6f69a0be2b6ca5a66f14 200 204 - 7.178 ms
GET /product/all 200 1324 - 17.439 ms
GET /product/all 304 - - 15.821 ms
GET /uploads/photo-1676720168510.png 304 - - 0.773 ms
GET /uploads/photo-1676718339303.png 304 - - 1.237 ms
GET /uploads/photo-1676720679680.png 304 - - 2.549 ms
GET /uploads/photo-1676720715418.png 200 31713 - 3.460 ms
GET /https://guide-images.cdn.ifixit.com/igi/o4OjCNmNeOhvsS1P.standard 404 204 - 1.068 ms
PUT /product/upload/63f09426e64ea6c147eb4808 200 195 - 8.370 ms
GET /product/all 200 1290 - 24.692 ms
GET /product/all 304 - - 13.100 ms
GET /uploads/photo-1676720168510.png 304 - - 6.778 ms
GET /uploads/photo-1676718339303.png 304 - - 5.318 ms
GET /uploads/photo-1676720679680.png 304 - - 5.204 ms
GET /uploads/photo-1676720715418.png 304 - - 5.100 ms
GET /https://guide-images.cdn.ifixit.com/igi/o4OjCNmNeOhvsS1P.standard 404 204 - 0.789 ms
GET /uploads/photo-1676720746860.png 200 28514 - 29.169 ms
PUT /product/upload/63f0a5647cfa9fdceb3ea8e8 200 211 - 7.133 ms
GET /product/all 200 1256 - 14.914 ms
GET /product/all 304 - - 22.466 ms
GET /product/all 304 - - 11.669 ms
GET /product/all 304 - - 15.973 ms
GET /uploads/photo-1676720168510.png 304 - - 1.821 ms
GET /uploads/photo-1676718339303.png 304 - - 1.898 ms
GET /uploads/photo-1676720679680.png 304 - - 1.243 ms
GET /https://guide-images.cdn.ifixit.com/igi/o4OjCNmNeOhvsS1P.standard 404 204 - 0.792 ms
GET /uploads/photo-1676720715418.png 304 - - 10.619 ms
GET /uploads/photo-1676720746860.png 304 - - 7.592 ms
GET /uploads/photo-1676720789880.png 200 51688 - 17.552 ms
PUT /product/upload/63f0a7e4445608f5da7f46e2 200 211 - 6.587 ms
GET /product/all 200 1222 - 17.884 ms
GET /product/all 304 - - 18.146 ms
GET /uploads/photo-1676720168510.png 304 - - 1.875 ms
GET /uploads/photo-1676718339303.png 304 - - 9.599 ms
GET /uploads/photo-1676720679680.png 304 - - 7.713 ms
GET /uploads/photo-1676720715418.png 304 - - 9.835 ms
GET /uploads/photo-1676720746860.png 304 - - 1.736 ms
GET /uploads/photo-1676720789880.png 304 - - 2.933 ms
GET /uploads/photo-1676720837414.png 200 37209 - 4.350 ms
GET /product/all 304 - - 14.534 ms
GET /product/all 304 - - 20.481 ms
GET /uploads/photo-1676720168510.png 304 - - 10.793 ms
GET /uploads/photo-1676718339303.png 304 - - 11.224 ms
GET /uploads/photo-1676720679680.png 304 - - 66.536 ms
GET /uploads/photo-1676720715418.png 304 - - 66.981 ms
GET /uploads/photo-1676720746860.png 304 - - 67.217 ms
GET /uploads/photo-1676720789880.png 304 - - 27.489 ms
GET /uploads/photo-1676720837414.png 304 - - 25.340 ms
POST /user/register 200 64 - 60.941 ms
POST /user/register 200 64 - 27.642 ms
GET /user/all 401 13 - 6.247 ms
POST /user/register 200 64 - 3.870 ms
POST /user/register 200 67 - 285.017 ms
POST /user/register 200 71 - 187.792 ms
POST /user/register 200 70 - 174.692 ms
POST /user/register 200 249 - 309.103 ms
POST /user/register 200 244 - 259.147 ms
POST /user/register 200 64 - 5.908 ms
POST /user/register 200 246 - 247.466 ms
POST /user/login 200 65 - 173.730 ms
POST /user/register 200 242 - 278.531 ms
POST /user/login 200 65 - 121.937 ms
POST /user/login 200 65 - 162.138 ms
POST /user/register 200 64 - 8.489 ms
POST /user/register 200 244 - 142.384 ms
POST /user/login 200 481 - 137.806 ms
POST /user/login 200 481 - 123.043 ms
GET /product/all 200 1222 - 42.380 ms
POST /order/add 403 38 - 1.004 ms
POST /user/login 200 481 - 128.467 ms
POST /order/add 200 99 - 7.021 ms
POST /order/add 200 270 - 37.654 ms
POST /order/add 200 429 - 17.471 ms
GET /order/all 200 65 - 1.893 ms
POST /user/login 200 65 - 151.931 ms
POST /user/login 200 65 - 125.028 ms
POST /user/register 200 244 - 131.162 ms
POST /user/login 200 483 - 131.482 ms
GET /order/all 200 831 - 17.640 ms
GET /order/my-orders 200 29 - 9.315 ms
GET /order/my-orders 200 35 - 28.340 ms
GET /product/all 304 - - 66.978 ms
GET /product/all 304 - - 87.291 ms
GET /uploads/photo-1676720168510.png 200 46012 - 21.152 ms
GET /uploads/photo-1676718339303.png 200 26538 - 23.875 ms
GET /uploads/photo-1676720715418.png 200 31713 - 10.308 ms
GET /uploads/photo-1676720679680.png 200 37209 - 13.052 ms
GET /uploads/photo-1676720746860.png 200 28514 - 14.115 ms
GET /uploads/photo-1676720789880.png 200 51688 - 8.149 ms
GET /uploads/photo-1676720837414.png 200 37209 - 10.427 ms
GET /product/all 304 - - 17.262 ms
GET /product/all 304 - - 15.435 ms
POST /user/login 200 481 - 177.194 ms
GET /product/all 304 - - 24.637 ms
GET /product/all 304 - - 29.697 ms
GET /uploads/photo-1676720168510.png 304 - - 3.615 ms
GET /uploads/photo-1676718339303.png 304 - - 3.756 ms
GET /uploads/photo-1676720679680.png 304 - - 3.923 ms
GET /uploads/photo-1676720715418.png 304 - - 3.950 ms
GET /uploads/photo-1676720837414.png 304 - - 15.254 ms
GET /uploads/photo-1676720746860.png 304 - - 3.517 ms
GET /uploads/photo-1676720789880.png 304 - - 3.664 ms
GET /product/all 304 - - 15.008 ms
GET /product/all 304 - - 25.698 ms
GET /uploads/photo-1676720168510.png 304 - - 6.430 ms
GET /uploads/photo-1676718339303.png 304 - - 0.697 ms
GET /uploads/photo-1676720679680.png 304 - - 1.841 ms
GET /uploads/photo-1676720715418.png 304 - - 1.748 ms
GET /uploads/photo-1676720746860.png 304 - - 6.743 ms
GET /uploads/photo-1676720789880.png 304 - - 5.688 ms
GET /uploads/photo-1676720837414.png 304 - - 5.724 ms
POST /user/login 200 65 - 3.717 ms
POST /user/login 200 481 - 126.927 ms
GET /product/all 304 - - 20.918 ms
GET /product/all 304 - - 17.968 ms
GET /uploads/photo-1676720168510.png 304 - - 6.717 ms
GET /uploads/photo-1676718339303.png 304 - - 6.961 ms
GET /uploads/photo-1676720679680.png 304 - - 6.465 ms
GET /uploads/photo-1676720715418.png 304 - - 5.986 ms
GET /uploads/photo-1676720746860.png 304 - - 6.329 ms
GET /uploads/photo-1676720789880.png 304 - - 6.060 ms
GET /uploads/photo-1676720837414.png 304 - - 5.780 ms
GET /product/all 304 - - 145.278 ms
GET /product/all 304 - - 47.735 ms
GET /uploads/photo-1676720168510.png 304 - - 13.031 ms
GET /uploads/photo-1676718339303.png 304 - - 10.853 ms
GET /uploads/photo-1676720679680.png 304 - - 10.969 ms
GET /uploads/photo-1676720715418.png 304 - - 11.136 ms
GET /uploads/photo-1676720746860.png 304 - - 2.038 ms
GET /uploads/photo-1676720789880.png 304 - - 2.353 ms
GET /uploads/photo-1676720837414.png 304 - - 1.169 ms
GET /product/all 304 - - 55.238 ms
GET /product/all 304 - - 20.422 ms
GET /uploads/photo-1676720168510.png 304 - - 8.928 ms
GET /uploads/photo-1676718339303.png 304 - - 11.796 ms
GET /uploads/photo-1676720679680.png 304 - - 2.362 ms
GET /uploads/photo-1676720715418.png 304 - - 22.380 ms
GET /uploads/photo-1676720746860.png 304 - - 15.075 ms
GET /uploads/photo-1676720789880.png 304 - - 4.457 ms
GET /uploads/photo-1676720837414.png 304 - - 59.016 ms
GET /product/all 304 - - 56.162 ms
GET /product/all 304 - - 23.349 ms
GET /uploads/photo-1676720168510.png 304 - - 0.559 ms
GET /uploads/photo-1676718339303.png 304 - - 14.869 ms
GET /uploads/photo-1676720679680.png 304 - - 15.232 ms
GET /uploads/photo-1676720715418.png 304 - - 15.395 ms
GET /uploads/photo-1676720746860.png 304 - - 9.333 ms
GET /uploads/photo-1676720789880.png 304 - - 9.041 ms
GET /uploads/photo-1676720837414.png 304 - - 4.998 ms
GET /product/all 304 - - 35.398 ms
GET /product/all 304 - - 24.710 ms
GET /uploads/photo-1676720168510.png 304 - - 0.551 ms
GET /uploads/photo-1676718339303.png 304 - - 15.102 ms
GET /uploads/photo-1676720679680.png 304 - - 16.819 ms
GET /uploads/photo-1676720715418.png 304 - - 17.165 ms
GET /uploads/photo-1676720746860.png 304 - - 15.817 ms
GET /uploads/photo-1676720789880.png 304 - - 4.624 ms
GET /uploads/photo-1676720837414.png 304 - - 4.287 ms
GET /product/all 304 - - 24.865 ms
GET /product/all 304 - - 17.006 ms
GET /uploads/photo-1676720168510.png 304 - - 4.775 ms
GET /uploads/photo-1676718339303.png 304 - - 5.268 ms
GET /uploads/photo-1676720679680.png 304 - - 5.562 ms
GET /uploads/photo-1676720715418.png 304 - - 5.874 ms
GET /uploads/photo-1676720746860.png 304 - - 6.035 ms
GET /uploads/photo-1676720789880.png 304 - - 6.162 ms
GET /uploads/photo-1676720837414.png 304 - - 0.954 ms
GET /product/all 304 - - 16.742 ms
GET /product/all 304 - - 63.902 ms
GET /uploads/photo-1676720168510.png 304 - - 4.920 ms
GET /uploads/photo-1676718339303.png 304 - - 5.074 ms
GET /uploads/photo-1676720679680.png 304 - - 21.359 ms
GET /uploads/photo-1676720715418.png 304 - - 3.091 ms
GET /uploads/photo-1676720746860.png 304 - - 6.140 ms
GET /uploads/photo-1676720789880.png 304 - - 6.805 ms
GET /uploads/photo-1676720837414.png 304 - - 26.120 ms
GET /product/all 304 - - 13.942 ms
GET /product/all 304 - - 14.670 ms
GET /uploads/photo-1676718339303.png 304 - - 21.711 ms
GET /uploads/photo-1676720679680.png 304 - - 20.113 ms
GET /uploads/photo-1676720168510.png 304 - - 25.120 ms
GET /uploads/photo-1676720746860.png 304 - - 16.962 ms
GET /uploads/photo-1676720715418.png 304 - - 33.631 ms
GET /uploads/photo-1676720789880.png 304 - - 23.275 ms
GET /uploads/photo-1676720837414.png 304 - - 44.421 ms
GET /product/all 304 - - 22.377 ms
GET /product/all 304 - - 20.267 ms
GET /uploads/photo-1676720168510.png 304 - - 5.374 ms
GET /uploads/photo-1676718339303.png 304 - - 6.545 ms
GET /uploads/photo-1676720679680.png 304 - - 6.525 ms
GET /uploads/photo-1676720715418.png 304 - - 6.303 ms
GET /uploads/photo-1676720746860.png 304 - - 10.117 ms
GET /uploads/photo-1676720789880.png 304 - - 4.081 ms
GET /uploads/photo-1676720837414.png 304 - - 0.964 ms
GET /product/all 304 - - 11.258 ms
GET /product/all 304 - - 12.898 ms
GET /product/all 304 - - 35.248 ms
GET /product/all 304 - - 29.840 ms
GET /uploads/photo-1676720168510.png 304 - - 3.323 ms
GET /uploads/photo-1676718339303.png 304 - - 12.857 ms
GET /uploads/photo-1676720679680.png 304 - - 12.895 ms
GET /uploads/photo-1676720715418.png 304 - - 31.473 ms
GET /uploads/photo-1676720746860.png 304 - - 17.886 ms
GET /uploads/photo-1676720789880.png 304 - - 18.732 ms
GET /uploads/photo-1676720837414.png 304 - - 20.095 ms
GET /product/all 304 - - 11.929 ms
GET /product/all 304 - - 71.626 ms
GET /product/all 304 - - 12.116 ms
GET /product/all 304 - - 13.625 ms
GET /uploads/photo-1676720168510.png 304 - - 12.421 ms
GET /uploads/photo-1676718339303.png 304 - - 14.722 ms
GET /uploads/photo-1676720679680.png 304 - - 14.903 ms
GET /uploads/photo-1676720715418.png 304 - - 9.781 ms
GET /uploads/photo-1676720746860.png 304 - - 9.734 ms
GET /uploads/photo-1676720789880.png 304 - - 9.747 ms
GET /uploads/photo-1676720837414.png 304 - - 17.621 ms
GET /product/all 304 - - 22.562 ms
GET /product/all 304 - - 14.671 ms
GET /product/all 304 - - 95.068 ms
GET /product/all 304 - - 17.149 ms
GET /uploads/photo-1676720168510.png 304 - - 14.904 ms
GET /uploads/photo-1676718339303.png 304 - - 15.061 ms
GET /uploads/photo-1676720679680.png 304 - - 15.175 ms
GET /uploads/photo-1676720715418.png 304 - - 15.081 ms
GET /uploads/photo-1676720746860.png 304 - - 1.563 ms
GET /uploads/photo-1676720789880.png 304 - - 1.592 ms
GET /uploads/photo-1676720837414.png 304 - - 2.290 ms
GET /product/all 304 - - 12.127 ms
GET /product/all 304 - - 19.307 ms
GET /product/all 304 - - 332.109 ms
GET /product/all 304 - - 16.178 ms
GET /uploads/photo-1676720168510.png 304 - - 31.766 ms
GET /uploads/photo-1676718339303.png 304 - - 29.680 ms
GET /uploads/photo-1676720679680.png 304 - - 29.149 ms
GET /uploads/photo-1676720715418.png 304 - - 16.937 ms
GET /uploads/photo-1676720746860.png 304 - - 17.018 ms
GET /uploads/photo-1676720789880.png 304 - - 16.714 ms
GET /uploads/photo-1676720837414.png 304 - - 3.188 ms
GET /product/all 304 - - 25.817 ms
GET /product/all 304 - - 25.556 ms
GET /product/all 304 - - 53.773 ms
GET /product/all 304 - - 19.370 ms
GET /uploads/photo-1676720168510.png 304 - - 6.165 ms
GET /uploads/photo-1676718339303.png 304 - - 12.036 ms
GET /uploads/photo-1676720679680.png 304 - - 11.768 ms
GET /uploads/photo-1676720715418.png 304 - - 11.582 ms
GET /uploads/photo-1676720746860.png 304 - - 6.120 ms
GET /uploads/photo-1676720789880.png 304 - - 2.718 ms
GET /uploads/photo-1676720837414.png 304 - - 11.050 ms
GET /product/all 304 - - 20.107 ms
GET /product/all 304 - - 15.557 ms
GET /uploads/photo-1676720168510.png 304 - - 6.428 ms
GET /uploads/photo-1676718339303.png 304 - - 6.614 ms
GET /uploads/photo-1676720679680.png 304 - - 6.597 ms
GET /uploads/photo-1676720715418.png 304 - - 6.393 ms
GET /uploads/photo-1676720746860.png 304 - - 6.110 ms
GET /uploads/photo-1676720789880.png 304 - - 5.830 ms
GET /uploads/photo-1676720837414.png 304 - - 4.155 ms
GET /product/all 304 - - 14.617 ms
GET /product/all 304 - - 17.187 ms
GET /uploads/photo-1676720168510.png 304 - - 6.535 ms
GET /uploads/photo-1676718339303.png 304 - - 6.678 ms
GET /uploads/photo-1676720679680.png 304 - - 6.590 ms
GET /uploads/photo-1676720715418.png 304 - - 6.763 ms
GET /uploads/photo-1676720746860.png 304 - - 7.203 ms
GET /uploads/photo-1676720789880.png 304 - - 6.337 ms
GET /uploads/photo-1676720837414.png 304 - - 1.790 ms
GET /product/all 304 - - 16.693 ms
GET /product/all 304 - - 12.972 ms
GET /product/all 304 - - 17.452 ms
GET /product/all 304 - - 11.186 ms
GET /uploads/photo-1676720168510.png 304 - - 2.700 ms
GET /uploads/photo-1676718339303.png 304 - - 3.739 ms
GET /uploads/photo-1676720679680.png 304 - - 4.790 ms
GET /uploads/photo-1676720715418.png 304 - - 0.787 ms
GET /uploads/photo-1676720746860.png 304 - - 1.334 ms
GET /uploads/photo-1676720789880.png 304 - - 0.720 ms
GET /uploads/photo-1676720837414.png 304 - - 2.381 ms
GET /product/all 304 - - 16.457 ms
GET /product/all 304 - - 12.212 ms
GET /product/all 304 - - 50.987 ms
GET /product/all 304 - - 20.347 ms
GET /uploads/photo-1676720168510.png 304 - - 14.369 ms
GET /uploads/photo-1676718339303.png 304 - - 11.890 ms
GET /uploads/photo-1676720679680.png 304 - - 11.296 ms
GET /uploads/photo-1676720715418.png 304 - - 11.315 ms
GET /uploads/photo-1676720746860.png 304 - - 20.474 ms
GET /uploads/photo-1676720837414.png 304 - - 3.850 ms
GET /uploads/photo-1676720789880.png 304 - - 3.981 ms
GET /product/all 304 - - 13.501 ms
GET /product/all 304 - - 21.975 ms
GET /uploads/photo-1676720168510.png 304 - - 6.359 ms
GET /uploads/photo-1676718339303.png 304 - - 6.506 ms
GET /uploads/photo-1676720679680.png 304 - - 6.250 ms
GET /uploads/photo-1676720715418.png 304 - - 6.038 ms
GET /uploads/photo-1676720746860.png 304 - - 5.677 ms
GET /uploads/photo-1676720789880.png 304 - - 5.859 ms
GET /uploads/photo-1676720837414.png 304 - - 1.623 ms
GET /product/all 304 - - 23.173 ms
GET /product/all 304 - - 12.065 ms
GET /product/all 304 - - 12.137 ms
GET /product/all 304 - - 14.202 ms
GET /uploads/photo-1676720168510.png 304 - - 5.830 ms
GET /uploads/photo-1676718339303.png 304 - - 6.019 ms
GET /uploads/photo-1676720679680.png 304 - - 6.139 ms
GET /uploads/photo-1676720715418.png 304 - - 6.003 ms
GET /uploads/photo-1676720746860.png 304 - - 6.007 ms
GET /uploads/photo-1676720789880.png 304 - - 6.044 ms
GET /uploads/photo-1676720837414.png 304 - - 3.485 ms
GET /product/all 304 - - 15.526 ms
GET /product/all 304 - - 15.092 ms
